<?xml version="1.0" encoding="UTF-8"?>
<!-- Generated by org.testng.reporters.JUnitXMLReporter -->
<testsuite ignored="0" hostname="Mansi-Ashil" failures="0" tests="5" name="Default test" time="0.065" errors="0" timestamp="2024-04-18T22:32:10 IST">
  <testcase classname="test.Dya3" name="Apilogincarloan" time="0.005"/>
  <testcase classname="test.Dya3" name="MobileRemotecarloan" time="0.001"/>
  <testcase classname="test.Dya3" name="MobileSignIncarloan" time="0.001"/>
  <testcase classname="test.Dya3" name="MobileSignOutcarloan" time="0.001"/>
  <testcase classname="test.Dya3" name="weblogincarloan" time="0.001"/>
</testsuite> <!-- Default test -->
