<?xml version="1.0" encoding="UTF-8"?>
<!-- Generated by org.testng.reporters.JUnitXMLReporter -->
<testsuite ignored="2" hostname="Mansi-Ashil" failures="0" tests="5" name="Car Loan" time="0.021" errors="0" timestamp="2024-05-14T21:13:28 IST">
  <testcase classname="test.Dya3" name="MobileRemotecarloan" time="0.001"/>
  <testcase classname="test.Dya3" name="MobileSignIncarloan" time="0.001"/>
  <testcase classname="test.Dya3" name="MobileSignOutcarloan" time="0.001"/>
  <testcase classname="test.Dya3" name="MobileSignOutcarloan" time="0.0"/>
  <testcase classname="test.Dya3" name="MobileSignOutcarloan" time="0.002"/>
  <testcase classname="test.Dya3" name="weblogincarloan" time="0.0">
    <ignored/>
  </testcase> <!-- weblogincarloan -->
  <testcase classname="test.Dya3" name="Apilogincarloan" time="0.0">
    <ignored/>
  </testcase> <!-- Apilogincarloan -->
</testsuite> <!-- Car Loan -->
