<?xml version="1.0" encoding="UTF-8"?>
<!-- Generated by org.testng.reporters.JUnitXMLReporter -->
<testsuite ignored="2" hostname="Mansi-Ashil" failures="0" tests="4" name="Personal Loan" time="0.05" errors="0" timestamp="2024-05-14T21:13:28 IST">
  <testcase classname="test.Day1" name="Demo" time="0.006"/>
  <testcase classname="test.Day2" name="Demo" time="0.001"/>
  <testcase classname="test.Dya4" name="MobileloginHomeloan" time="0.001"/>
  <testcase classname="test.Dya4" name="webloginHomeloan" time="0.001"/>
  <testcase classname="test.Day1" name="SecondTest" time="0.0">
    <ignored/>
  </testcase> <!-- SecondTest -->
  <testcase classname="test.Dya4" name="ApiloginHomeloan" time="0.0">
    <ignored/>
  </testcase> <!-- ApiloginHomeloan -->
</testsuite> <!-- Personal Loan -->
