<?xml version="1.0" encoding="UTF-8"?>
<!-- Generated by org.testng.reporters.JUnitXMLReporter -->
<testsuite ignored="7" hostname="Mansi-Ashil" failures="0" tests="4" name="Regression" time="0.074" errors="0" timestamp="2024-04-18T22:08:39 IST">
  <testcase classname="test.Day1" name="Demo" time="0.007"/>
  <testcase classname="test.Day2" name="Demo" time="0.001"/>
  <testcase classname="test.Dya4" name="MobileloginHomeloan" time="0.001"/>
  <testcase classname="test.Dya3" name="MobileSignIncarloan" time="0.002"/>
  <testcase classname="test.Dya4" name="webloginHomeloan" time="0.0">
    <ignored/>
  </testcase> <!-- webloginHomeloan -->
  <testcase classname="test.Dya3" name="Apilogincarloan" time="0.0">
    <ignored/>
  </testcase> <!-- Apilogincarloan -->
  <testcase classname="test.Dya3" name="MobileSignOutcarloan" time="0.0">
    <ignored/>
  </testcase> <!-- MobileSignOutcarloan -->
  <testcase classname="test.Dya3" name="weblogincarloan" time="0.0">
    <ignored/>
  </testcase> <!-- weblogincarloan -->
  <testcase classname="test.Dya3" name="MobileRemotecarloan" time="0.0">
    <ignored/>
  </testcase> <!-- MobileRemotecarloan -->
  <testcase classname="test.Dya4" name="ApiloginHomeloan" time="0.0">
    <ignored/>
  </testcase> <!-- ApiloginHomeloan -->
  <testcase classname="test.Day1" name="SecondTest" time="0.0">
    <ignored/>
  </testcase> <!-- SecondTest -->
</testsuite> <!-- Regression -->
